<?xml version="1.0" encoding="UTF-8"?>
<!-- Generated by org.testng.reporters.JUnitXMLReporter -->
<testsuite ignored="4" hostname="LTIN274043" failures="0" tests="15" name="ChromeTest" time="106.68" errors="0" timestamp="2024-03-15T11:16:35 IST">
  <testcase classname="testCases.TC001_TRAVELINSURANCE" name="travelInsuranceClickTest" time="10.315"/>
  <testcase classname="testCases.TC001_TRAVELINSURANCE" name="travelInsuranceDateTest" time="2.846"/>
  <testcase classname="testCases.TC001_TRAVELINSURANCE" name="travelInsuranceSelectTwoTest" time="2.031"/>
  <testcase classname="testCases.TC001_TRAVELINSURANCE" name="travelInsuranceSelectNoTest" time="0.507"/>
  <testcase classname="testCases.TC001_TRAVELINSURANCE" name="travelInsuranceMobileNumTest" time="1.42"/>
  <testcase classname="testCases.TC001_TRAVELINSURANCE" name="travelInsuranceselectStudentTest" time="10.278"/>
  <testcase classname="testCases.TC001_TRAVELINSURANCE" name="travelInsuranceSelectTravellerTest" time="6.493"/>
  <testcase classname="testCases.TC001_TRAVELINSURANCE" name="travelInsuranceLowToHighTest" time="10.22"/>
  <testcase classname="testCases.TC002_CARINSURANCE" name="carInsuranceClickTest" time="4.971"/>
  <testcase classname="testCases.TC002_CARINSURANCE" name="carInsuranceCarNumTest" time="0.856"/>
  <testcase classname="testCases.TC002_CARINSURANCE" name="carInsuranceCarNumValueTest" time="0.719"/>
  <testcase classname="testCases.TC002_CARINSURANCE" name="carInsuranceformFillTest" time="3.106"/>
  <testcase classname="testCases.TC002_CARINSURANCE" name="clickPolicybazaar" time="1.579"/>
  <testcase classname="testCases.TC003_HEALTHINSURANCE" name="moveTohealthInsurance" time="0.198"/>
  <testcase classname="testCases.TC003_HEALTHINSURANCE" name="healthInsuranceTest" time="2.711"/>
  <testcase classname="factory.BaseClass" name="@BeforeTest initilizeBrowser" time="0.0">
    <ignored/>
  </testcase> <!-- @BeforeTest initilizeBrowser -->
  <testcase classname="factory.BaseClass" name="@BeforeTest initilizeBrowser" time="0.0">
    <ignored/>
  </testcase> <!-- @BeforeTest initilizeBrowser -->
  <testcase classname="factory.BaseClass" name="@AfterTest tearDown" time="0.0">
    <ignored/>
  </testcase> <!-- @AfterTest tearDown -->
  <testcase classname="factory.BaseClass" name="@AfterTest tearDown" time="0.0">
    <ignored/>
  </testcase> <!-- @AfterTest tearDown -->
</testsuite> <!-- ChromeTest -->
