<?xml version="1.0" encoding="UTF-8"?>
<!-- Generated by org.testng.reporters.JUnitXMLReporter -->
<testsuite ignored="4" hostname="LTIN274043" failures="0" tests="15" name="ChromeTest" time="75.016" errors="0" timestamp="2024-02-27T16:40:52 IST">
  <testcase classname="testCases.TC001_TRAVELINSURANCE" name="travelInsuranceClickTest" time="9.78"/>
  <testcase classname="testCases.TC001_TRAVELINSURANCE" name="travelInsuranceDateTest" time="3.761"/>
  <testcase classname="testCases.TC001_TRAVELINSURANCE" name="travelInsuranceSelectTwoTest" time="3.396"/>
  <testcase classname="testCases.TC001_TRAVELINSURANCE" name="travelInsuranceSelectNoTest" time="1.465"/>
  <testcase classname="testCases.TC001_TRAVELINSURANCE" name="travelInsuranceMobileNumTest" time="2.234"/>
  <testcase classname="testCases.TC001_TRAVELINSURANCE" name="travelInsuranceselectStudentTest" time="5.136"/>
  <testcase classname="testCases.TC001_TRAVELINSURANCE" name="travelInsuranceSelectTravellerTest" time="1.239"/>
  <testcase classname="testCases.TC001_TRAVELINSURANCE" name="travelInsuranceLowToHighTest" time="11.636"/>
  <testcase classname="testCases.TC002_CARINSURANCE" name="carInsuranceClickTest" time="2.925"/>
  <testcase classname="testCases.TC002_CARINSURANCE" name="carInsuranceCarNumTest" time="0.652"/>
  <testcase classname="testCases.TC002_CARINSURANCE" name="carInsuranceCarNumValueTest" time="0.722"/>
  <testcase classname="testCases.TC002_CARINSURANCE" name="carInsuranceformFillTest" time="1.812"/>
  <testcase classname="testCases.TC002_CARINSURANCE" name="clickPolicybazaar" time="2.107"/>
  <testcase classname="testCases.TC003_HEALTHINSURANCE" name="moveTohealthInsurance" time="0.395"/>
  <testcase classname="testCases.TC003_HEALTHINSURANCE" name="healthInsuranceTest" time="2.501"/>
  <testcase classname="factory.BaseClass" name="@BeforeTest initilizeBrowser" time="0.0">
    <ignored/>
  </testcase> <!-- @BeforeTest initilizeBrowser -->
  <testcase classname="factory.BaseClass" name="@BeforeTest initilizeBrowser" time="0.0">
    <ignored/>
  </testcase> <!-- @BeforeTest initilizeBrowser -->
  <testcase classname="factory.BaseClass" name="@AfterTest tearDown" time="0.0">
    <ignored/>
  </testcase> <!-- @AfterTest tearDown -->
  <testcase classname="factory.BaseClass" name="@AfterTest tearDown" time="0.0">
    <ignored/>
  </testcase> <!-- @AfterTest tearDown -->
</testsuite> <!-- ChromeTest -->
