<?xml version="1.0" encoding="UTF-8"?>
<testng-results ignored="4" total="19" passed="15" failed="0" skipped="0">
  <reporter-output>
  </reporter-output>
  <suite started-at="2024-02-27T16:39:37 IST" name="Suite" finished-at="2024-02-27T16:40:52 IST" duration-ms="75016">
    <groups>
      <group name="regression">
        <method signature="TC001_TRAVELINSURANCE.travelInsuranceDateTest()[pri:1, instance:testCases.TC001_TRAVELINSURANCE@942a29c]" name="travelInsuranceDateTest" class="testCases.TC001_TRAVELINSURANCE"/>
        <method signature="TC002_CARINSURANCE.carInsuranceCarNumValueTest()[pri:2, instance:testCases.TC002_CARINSURANCE@576d5deb]" name="carInsuranceCarNumValueTest" class="testCases.TC002_CARINSURANCE"/>
        <method signature="TC002_CARINSURANCE.carInsuranceCarNumTest()[pri:1, instance:testCases.TC002_CARINSURANCE@576d5deb]" name="carInsuranceCarNumTest" class="testCases.TC002_CARINSURANCE"/>
        <method signature="TC002_CARINSURANCE.carInsuranceformFillTest()[pri:3, instance:testCases.TC002_CARINSURANCE@576d5deb]" name="carInsuranceformFillTest" class="testCases.TC002_CARINSURANCE"/>
        <method signature="TC002_CARINSURANCE.clickPolicybazaar()[pri:4, instance:testCases.TC002_CARINSURANCE@576d5deb]" name="clickPolicybazaar" class="testCases.TC002_CARINSURANCE"/>
        <method signature="TC003_HEALTHINSURANCE.healthInsuranceTest()[pri:1, instance:testCases.TC003_HEALTHINSURANCE@5d534f5d]" name="healthInsuranceTest" class="testCases.TC003_HEALTHINSURANCE"/>
        <method signature="TC001_TRAVELINSURANCE.travelInsuranceLowToHighTest()[pri:7, instance:testCases.TC001_TRAVELINSURANCE@942a29c]" name="travelInsuranceLowToHighTest" class="testCases.TC001_TRAVELINSURANCE"/>
        <method signature="TC001_TRAVELINSURANCE.travelInsuranceMobileNumTest()[pri:4, instance:testCases.TC001_TRAVELINSURANCE@942a29c]" name="travelInsuranceMobileNumTest" class="testCases.TC001_TRAVELINSURANCE"/>
        <method signature="TC001_TRAVELINSURANCE.travelInsuranceSelectNoTest()[pri:3, instance:testCases.TC001_TRAVELINSURANCE@942a29c]" name="travelInsuranceSelectNoTest" class="testCases.TC001_TRAVELINSURANCE"/>
        <method signature="TC001_TRAVELINSURANCE.travelInsuranceSelectTravellerTest()[pri:6, instance:testCases.TC001_TRAVELINSURANCE@942a29c]" name="travelInsuranceSelectTravellerTest" class="testCases.TC001_TRAVELINSURANCE"/>
        <method signature="TC001_TRAVELINSURANCE.travelInsuranceSelectTwoTest()[pri:2, instance:testCases.TC001_TRAVELINSURANCE@942a29c]" name="travelInsuranceSelectTwoTest" class="testCases.TC001_TRAVELINSURANCE"/>
        <method signature="TC001_TRAVELINSURANCE.travelInsuranceselectStudentTest()[pri:5, instance:testCases.TC001_TRAVELINSURANCE@942a29c]" name="travelInsuranceselectStudentTest" class="testCases.TC001_TRAVELINSURANCE"/>
      </group> <!-- regression -->
      <group name="sanity">
        <method signature="TC001_TRAVELINSURANCE.travelInsuranceClickTest()[pri:0, instance:testCases.TC001_TRAVELINSURANCE@942a29c]" name="travelInsuranceClickTest" class="testCases.TC001_TRAVELINSURANCE"/>
        <method signature="TC001_TRAVELINSURANCE.travelInsuranceDateTest()[pri:1, instance:testCases.TC001_TRAVELINSURANCE@942a29c]" name="travelInsuranceDateTest" class="testCases.TC001_TRAVELINSURANCE"/>
        <method signature="TC002_CARINSURANCE.carInsuranceCarNumValueTest()[pri:2, instance:testCases.TC002_CARINSURANCE@576d5deb]" name="carInsuranceCarNumValueTest" class="testCases.TC002_CARINSURANCE"/>
        <method signature="TC002_CARINSURANCE.carInsuranceClickTest()[pri:0, instance:testCases.TC002_CARINSURANCE@576d5deb]" name="carInsuranceClickTest" class="testCases.TC002_CARINSURANCE"/>
        <method signature="TC002_CARINSURANCE.carInsuranceCarNumTest()[pri:1, instance:testCases.TC002_CARINSURANCE@576d5deb]" name="carInsuranceCarNumTest" class="testCases.TC002_CARINSURANCE"/>
        <method signature="TC002_CARINSURANCE.carInsuranceformFillTest()[pri:3, instance:testCases.TC002_CARINSURANCE@576d5deb]" name="carInsuranceformFillTest" class="testCases.TC002_CARINSURANCE"/>
        <method signature="TC002_CARINSURANCE.clickPolicybazaar()[pri:4, instance:testCases.TC002_CARINSURANCE@576d5deb]" name="clickPolicybazaar" class="testCases.TC002_CARINSURANCE"/>
        <method signature="TC003_HEALTHINSURANCE.healthInsuranceTest()[pri:1, instance:testCases.TC003_HEALTHINSURANCE@5d534f5d]" name="healthInsuranceTest" class="testCases.TC003_HEALTHINSURANCE"/>
        <method signature="TC003_HEALTHINSURANCE.moveTohealthInsurance()[pri:0, instance:testCases.TC003_HEALTHINSURANCE@5d534f5d]" name="moveTohealthInsurance" class="testCases.TC003_HEALTHINSURANCE"/>
        <method signature="TC001_TRAVELINSURANCE.travelInsuranceLowToHighTest()[pri:7, instance:testCases.TC001_TRAVELINSURANCE@942a29c]" name="travelInsuranceLowToHighTest" class="testCases.TC001_TRAVELINSURANCE"/>
        <method signature="TC001_TRAVELINSURANCE.travelInsuranceMobileNumTest()[pri:4, instance:testCases.TC001_TRAVELINSURANCE@942a29c]" name="travelInsuranceMobileNumTest" class="testCases.TC001_TRAVELINSURANCE"/>
        <method signature="TC001_TRAVELINSURANCE.travelInsuranceSelectNoTest()[pri:3, instance:testCases.TC001_TRAVELINSURANCE@942a29c]" name="travelInsuranceSelectNoTest" class="testCases.TC001_TRAVELINSURANCE"/>
        <method signature="TC001_TRAVELINSURANCE.travelInsuranceSelectTravellerTest()[pri:6, instance:testCases.TC001_TRAVELINSURANCE@942a29c]" name="travelInsuranceSelectTravellerTest" class="testCases.TC001_TRAVELINSURANCE"/>
        <method signature="TC001_TRAVELINSURANCE.travelInsuranceSelectTwoTest()[pri:2, instance:testCases.TC001_TRAVELINSURANCE@942a29c]" name="travelInsuranceSelectTwoTest" class="testCases.TC001_TRAVELINSURANCE"/>
        <method signature="TC001_TRAVELINSURANCE.travelInsuranceselectStudentTest()[pri:5, instance:testCases.TC001_TRAVELINSURANCE@942a29c]" name="travelInsuranceselectStudentTest" class="testCases.TC001_TRAVELINSURANCE"/>
      </group> <!-- sanity -->
    </groups>
    <test started-at="2024-02-27T16:39:37 IST" name="ChromeTest" finished-at="2024-02-27T16:40:52 IST" duration-ms="75016">
      <class name="testCases.TC001_TRAVELINSURANCE">
        <test-method is-config="true" signature="initilizeBrowser()[pri:0, instance:testCases.TC001_TRAVELINSURANCE@942a29c]" started-at="2024-02-27T16:39:38 IST" name="initilizeBrowser" finished-at="2024-02-27T16:39:51 IST" duration-ms="12768" status="PASS">
          <reporter-output>
          </reporter-output>
        </test-method> <!-- initilizeBrowser -->
        <test-method signature="travelInsuranceClickTest()[pri:0, instance:testCases.TC001_TRAVELINSURANCE@942a29c]" started-at="2024-02-27T16:39:51 IST" name="travelInsuranceClickTest" finished-at="2024-02-27T16:40:01 IST" duration-ms="9780" status="PASS">
          <reporter-output>
          </reporter-output>
        </test-method> <!-- travelInsuranceClickTest -->
        <test-method signature="travelInsuranceDateTest()[pri:1, instance:testCases.TC001_TRAVELINSURANCE@942a29c]" started-at="2024-02-27T16:40:01 IST" name="travelInsuranceDateTest" finished-at="2024-02-27T16:40:05 IST" depends-on-methods="testCases.TC001_TRAVELINSURANCE.travelInsuranceClickTest" duration-ms="3761" status="PASS">
          <reporter-output>
          </reporter-output>
        </test-method> <!-- travelInsuranceDateTest -->
        <test-method signature="travelInsuranceSelectTwoTest()[pri:2, instance:testCases.TC001_TRAVELINSURANCE@942a29c]" started-at="2024-02-27T16:40:05 IST" name="travelInsuranceSelectTwoTest" finished-at="2024-02-27T16:40:09 IST" duration-ms="3396" status="PASS">
          <reporter-output>
          </reporter-output>
        </test-method> <!-- travelInsuranceSelectTwoTest -->
        <test-method signature="travelInsuranceSelectNoTest()[pri:3, instance:testCases.TC001_TRAVELINSURANCE@942a29c]" started-at="2024-02-27T16:40:10 IST" name="travelInsuranceSelectNoTest" finished-at="2024-02-27T16:40:11 IST" duration-ms="1465" status="PASS">
          <reporter-output>
          </reporter-output>
        </test-method> <!-- travelInsuranceSelectNoTest -->
        <test-method signature="travelInsuranceMobileNumTest()[pri:4, instance:testCases.TC001_TRAVELINSURANCE@942a29c]" started-at="2024-02-27T16:40:12 IST" name="travelInsuranceMobileNumTest" finished-at="2024-02-27T16:40:14 IST" duration-ms="2234" status="PASS">
          <reporter-output>
          </reporter-output>
        </test-method> <!-- travelInsuranceMobileNumTest -->
        <test-method signature="travelInsuranceselectStudentTest()[pri:5, instance:testCases.TC001_TRAVELINSURANCE@942a29c]" started-at="2024-02-27T16:40:15 IST" name="travelInsuranceselectStudentTest" finished-at="2024-02-27T16:40:20 IST" duration-ms="5136" status="PASS">
          <reporter-output>
          </reporter-output>
        </test-method> <!-- travelInsuranceselectStudentTest -->
        <test-method signature="travelInsuranceSelectTravellerTest()[pri:6, instance:testCases.TC001_TRAVELINSURANCE@942a29c]" started-at="2024-02-27T16:40:21 IST" name="travelInsuranceSelectTravellerTest" finished-at="2024-02-27T16:40:22 IST" duration-ms="1239" status="PASS">
          <reporter-output>
          </reporter-output>
        </test-method> <!-- travelInsuranceSelectTravellerTest -->
        <test-method signature="travelInsuranceLowToHighTest()[pri:7, instance:testCases.TC001_TRAVELINSURANCE@942a29c]" started-at="2024-02-27T16:40:22 IST" name="travelInsuranceLowToHighTest" finished-at="2024-02-27T16:40:34 IST" duration-ms="11636" status="PASS">
          <reporter-output>
          </reporter-output>
        </test-method> <!-- travelInsuranceLowToHighTest -->
        <test-method is-config="true" signature="tearDown()[pri:0, instance:testCases.TC001_TRAVELINSURANCE@942a29c]" started-at="2024-02-27T16:40:51 IST" name="tearDown" finished-at="2024-02-27T16:40:52 IST" duration-ms="1293" status="PASS">
          <reporter-output>
          </reporter-output>
        </test-method> <!-- tearDown -->
      </class> <!-- testCases.TC001_TRAVELINSURANCE -->
      <class name="testCases.TC003_HEALTHINSURANCE">
        <test-method signature="moveTohealthInsurance()[pri:0, instance:testCases.TC003_HEALTHINSURANCE@5d534f5d]" started-at="2024-02-27T16:40:47 IST" name="moveTohealthInsurance" finished-at="2024-02-27T16:40:48 IST" duration-ms="395" status="PASS">
          <reporter-output>
          </reporter-output>
        </test-method> <!-- moveTohealthInsurance -->
        <test-method signature="healthInsuranceTest()[pri:1, instance:testCases.TC003_HEALTHINSURANCE@5d534f5d]" started-at="2024-02-27T16:40:48 IST" name="healthInsuranceTest" finished-at="2024-02-27T16:40:51 IST" duration-ms="2501" status="PASS">
          <reporter-output>
          </reporter-output>
        </test-method> <!-- healthInsuranceTest -->
      </class> <!-- testCases.TC003_HEALTHINSURANCE -->
      <class name="testCases.TC002_CARINSURANCE">
        <test-method signature="carInsuranceClickTest()[pri:0, instance:testCases.TC002_CARINSURANCE@576d5deb]" started-at="2024-02-27T16:40:34 IST" name="carInsuranceClickTest" finished-at="2024-02-27T16:40:37 IST" duration-ms="2925" status="PASS">
          <reporter-output>
          </reporter-output>
        </test-method> <!-- carInsuranceClickTest -->
        <test-method signature="carInsuranceCarNumTest()[pri:1, instance:testCases.TC002_CARINSURANCE@576d5deb]" started-at="2024-02-27T16:40:38 IST" name="carInsuranceCarNumTest" finished-at="2024-02-27T16:40:38 IST" depends-on-methods="testCases.TC002_CARINSURANCE.carInsuranceClickTest" duration-ms="652" status="PASS">
          <reporter-output>
          </reporter-output>
        </test-method> <!-- carInsuranceCarNumTest -->
        <test-method signature="carInsuranceCarNumValueTest()[pri:2, instance:testCases.TC002_CARINSURANCE@576d5deb]" started-at="2024-02-27T16:40:39 IST" name="carInsuranceCarNumValueTest" finished-at="2024-02-27T16:40:39 IST" duration-ms="722" status="PASS">
          <reporter-output>
          </reporter-output>
        </test-method> <!-- carInsuranceCarNumValueTest -->
        <test-method signature="carInsuranceformFillTest()[pri:3, instance:testCases.TC002_CARINSURANCE@576d5deb]" started-at="2024-02-27T16:40:42 IST" name="carInsuranceformFillTest" finished-at="2024-02-27T16:40:44 IST" duration-ms="1812" status="PASS">
          <reporter-output>
          </reporter-output>
        </test-method> <!-- carInsuranceformFillTest -->
        <test-method signature="clickPolicybazaar()[pri:4, instance:testCases.TC002_CARINSURANCE@576d5deb]" started-at="2024-02-27T16:40:44 IST" name="clickPolicybazaar" finished-at="2024-02-27T16:40:46 IST" duration-ms="2107" status="PASS">
          <reporter-output>
          </reporter-output>
        </test-method> <!-- clickPolicybazaar -->
      </class> <!-- testCases.TC002_CARINSURANCE -->
    </test> <!-- ChromeTest -->
  </suite> <!-- Suite -->
</testng-results>
