<?xml version="1.0" encoding="UTF-8"?>
<testng-results ignored="4" total="19" passed="15" failed="0" skipped="0">
  <reporter-output>
  </reporter-output>
  <suite started-at="2024-03-15T11:14:48 IST" name="Suite" finished-at="2024-03-15T11:16:35 IST" duration-ms="106680">
    <groups>
      <group name="regression">
        <method signature="TC001_TRAVELINSURANCE.travelInsuranceDateTest()[pri:1, instance:testCases.TC001_TRAVELINSURANCE@942a29c]" name="travelInsuranceDateTest" class="testCases.TC001_TRAVELINSURANCE"/>
        <method signature="TC002_CARINSURANCE.carInsuranceCarNumValueTest()[pri:2, instance:testCases.TC002_CARINSURANCE@576d5deb]" name="carInsuranceCarNumValueTest" class="testCases.TC002_CARINSURANCE"/>
        <method signature="TC002_CARINSURANCE.carInsuranceCarNumTest()[pri:1, instance:testCases.TC002_CARINSURANCE@576d5deb]" name="carInsuranceCarNumTest" class="testCases.TC002_CARINSURANCE"/>
        <method signature="TC002_CARINSURANCE.carInsuranceformFillTest()[pri:3, instance:testCases.TC002_CARINSURANCE@576d5deb]" name="carInsuranceformFillTest" class="testCases.TC002_CARINSURANCE"/>
        <method signature="TC002_CARINSURANCE.clickPolicybazaar()[pri:4, instance:testCases.TC002_CARINSURANCE@576d5deb]" name="clickPolicybazaar" class="testCases.TC002_CARINSURANCE"/>
        <method signature="TC003_HEALTHINSURANCE.healthInsuranceTest()[pri:1, instance:testCases.TC003_HEALTHINSURANCE@5d534f5d]" name="healthInsuranceTest" class="testCases.TC003_HEALTHINSURANCE"/>
        <method signature="TC001_TRAVELINSURANCE.travelInsuranceLowToHighTest()[pri:7, instance:testCases.TC001_TRAVELINSURANCE@942a29c]" name="travelInsuranceLowToHighTest" class="testCases.TC001_TRAVELINSURANCE"/>
        <method signature="TC001_TRAVELINSURANCE.travelInsuranceMobileNumTest()[pri:4, instance:testCases.TC001_TRAVELINSURANCE@942a29c]" name="travelInsuranceMobileNumTest" class="testCases.TC001_TRAVELINSURANCE"/>
        <method signature="TC001_TRAVELINSURANCE.travelInsuranceSelectNoTest()[pri:3, instance:testCases.TC001_TRAVELINSURANCE@942a29c]" name="travelInsuranceSelectNoTest" class="testCases.TC001_TRAVELINSURANCE"/>
        <method signature="TC001_TRAVELINSURANCE.travelInsuranceSelectTravellerTest()[pri:6, instance:testCases.TC001_TRAVELINSURANCE@942a29c]" name="travelInsuranceSelectTravellerTest" class="testCases.TC001_TRAVELINSURANCE"/>
        <method signature="TC001_TRAVELINSURANCE.travelInsuranceSelectTwoTest()[pri:2, instance:testCases.TC001_TRAVELINSURANCE@942a29c]" name="travelInsuranceSelectTwoTest" class="testCases.TC001_TRAVELINSURANCE"/>
        <method signature="TC001_TRAVELINSURANCE.travelInsuranceselectStudentTest()[pri:5, instance:testCases.TC001_TRAVELINSURANCE@942a29c]" name="travelInsuranceselectStudentTest" class="testCases.TC001_TRAVELINSURANCE"/>
      </group> <!-- regression -->
      <group name="sanity">
        <method signature="TC001_TRAVELINSURANCE.travelInsuranceClickTest()[pri:0, instance:testCases.TC001_TRAVELINSURANCE@942a29c]" name="travelInsuranceClickTest" class="testCases.TC001_TRAVELINSURANCE"/>
        <method signature="TC001_TRAVELINSURANCE.travelInsuranceDateTest()[pri:1, instance:testCases.TC001_TRAVELINSURANCE@942a29c]" name="travelInsuranceDateTest" class="testCases.TC001_TRAVELINSURANCE"/>
        <method signature="TC002_CARINSURANCE.carInsuranceCarNumValueTest()[pri:2, instance:testCases.TC002_CARINSURANCE@576d5deb]" name="carInsuranceCarNumValueTest" class="testCases.TC002_CARINSURANCE"/>
        <method signature="TC002_CARINSURANCE.carInsuranceClickTest()[pri:0, instance:testCases.TC002_CARINSURANCE@576d5deb]" name="carInsuranceClickTest" class="testCases.TC002_CARINSURANCE"/>
        <method signature="TC002_CARINSURANCE.carInsuranceCarNumTest()[pri:1, instance:testCases.TC002_CARINSURANCE@576d5deb]" name="carInsuranceCarNumTest" class="testCases.TC002_CARINSURANCE"/>
        <method signature="TC002_CARINSURANCE.carInsuranceformFillTest()[pri:3, instance:testCases.TC002_CARINSURANCE@576d5deb]" name="carInsuranceformFillTest" class="testCases.TC002_CARINSURANCE"/>
        <method signature="TC002_CARINSURANCE.clickPolicybazaar()[pri:4, instance:testCases.TC002_CARINSURANCE@576d5deb]" name="clickPolicybazaar" class="testCases.TC002_CARINSURANCE"/>
        <method signature="TC003_HEALTHINSURANCE.healthInsuranceTest()[pri:1, instance:testCases.TC003_HEALTHINSURANCE@5d534f5d]" name="healthInsuranceTest" class="testCases.TC003_HEALTHINSURANCE"/>
        <method signature="TC003_HEALTHINSURANCE.moveTohealthInsurance()[pri:0, instance:testCases.TC003_HEALTHINSURANCE@5d534f5d]" name="moveTohealthInsurance" class="testCases.TC003_HEALTHINSURANCE"/>
        <method signature="TC001_TRAVELINSURANCE.travelInsuranceLowToHighTest()[pri:7, instance:testCases.TC001_TRAVELINSURANCE@942a29c]" name="travelInsuranceLowToHighTest" class="testCases.TC001_TRAVELINSURANCE"/>
        <method signature="TC001_TRAVELINSURANCE.travelInsuranceMobileNumTest()[pri:4, instance:testCases.TC001_TRAVELINSURANCE@942a29c]" name="travelInsuranceMobileNumTest" class="testCases.TC001_TRAVELINSURANCE"/>
        <method signature="TC001_TRAVELINSURANCE.travelInsuranceSelectNoTest()[pri:3, instance:testCases.TC001_TRAVELINSURANCE@942a29c]" name="travelInsuranceSelectNoTest" class="testCases.TC001_TRAVELINSURANCE"/>
        <method signature="TC001_TRAVELINSURANCE.travelInsuranceSelectTravellerTest()[pri:6, instance:testCases.TC001_TRAVELINSURANCE@942a29c]" name="travelInsuranceSelectTravellerTest" class="testCases.TC001_TRAVELINSURANCE"/>
        <method signature="TC001_TRAVELINSURANCE.travelInsuranceSelectTwoTest()[pri:2, instance:testCases.TC001_TRAVELINSURANCE@942a29c]" name="travelInsuranceSelectTwoTest" class="testCases.TC001_TRAVELINSURANCE"/>
        <method signature="TC001_TRAVELINSURANCE.travelInsuranceselectStudentTest()[pri:5, instance:testCases.TC001_TRAVELINSURANCE@942a29c]" name="travelInsuranceselectStudentTest" class="testCases.TC001_TRAVELINSURANCE"/>
      </group> <!-- sanity -->
    </groups>
    <test started-at="2024-03-15T11:14:48 IST" name="ChromeTest" finished-at="2024-03-15T11:16:35 IST" duration-ms="106680">
      <class name="testCases.TC001_TRAVELINSURANCE">
        <test-method is-config="true" signature="initilizeBrowser()[pri:0, instance:testCases.TC001_TRAVELINSURANCE@942a29c]" started-at="2024-03-15T11:14:49 IST" name="initilizeBrowser" finished-at="2024-03-15T11:15:27 IST" duration-ms="37553" status="PASS">
          <reporter-output>
          </reporter-output>
        </test-method> <!-- initilizeBrowser -->
        <test-method signature="travelInsuranceClickTest()[pri:0, instance:testCases.TC001_TRAVELINSURANCE@942a29c]" started-at="2024-03-15T11:15:27 IST" name="travelInsuranceClickTest" finished-at="2024-03-15T11:15:37 IST" duration-ms="10315" status="PASS">
          <reporter-output>
          </reporter-output>
        </test-method> <!-- travelInsuranceClickTest -->
        <test-method signature="travelInsuranceDateTest()[pri:1, instance:testCases.TC001_TRAVELINSURANCE@942a29c]" started-at="2024-03-15T11:15:37 IST" name="travelInsuranceDateTest" finished-at="2024-03-15T11:15:40 IST" depends-on-methods="testCases.TC001_TRAVELINSURANCE.travelInsuranceClickTest" duration-ms="2846" status="PASS">
          <reporter-output>
          </reporter-output>
        </test-method> <!-- travelInsuranceDateTest -->
        <test-method signature="travelInsuranceSelectTwoTest()[pri:2, instance:testCases.TC001_TRAVELINSURANCE@942a29c]" started-at="2024-03-15T11:15:41 IST" name="travelInsuranceSelectTwoTest" finished-at="2024-03-15T11:15:43 IST" duration-ms="2031" status="PASS">
          <reporter-output>
          </reporter-output>
        </test-method> <!-- travelInsuranceSelectTwoTest -->
        <test-method signature="travelInsuranceSelectNoTest()[pri:3, instance:testCases.TC001_TRAVELINSURANCE@942a29c]" started-at="2024-03-15T11:15:43 IST" name="travelInsuranceSelectNoTest" finished-at="2024-03-15T11:15:44 IST" duration-ms="507" status="PASS">
          <reporter-output>
          </reporter-output>
        </test-method> <!-- travelInsuranceSelectNoTest -->
        <test-method signature="travelInsuranceMobileNumTest()[pri:4, instance:testCases.TC001_TRAVELINSURANCE@942a29c]" started-at="2024-03-15T11:15:45 IST" name="travelInsuranceMobileNumTest" finished-at="2024-03-15T11:15:46 IST" duration-ms="1420" status="PASS">
          <reporter-output>
          </reporter-output>
        </test-method> <!-- travelInsuranceMobileNumTest -->
        <test-method signature="travelInsuranceselectStudentTest()[pri:5, instance:testCases.TC001_TRAVELINSURANCE@942a29c]" started-at="2024-03-15T11:15:47 IST" name="travelInsuranceselectStudentTest" finished-at="2024-03-15T11:15:57 IST" duration-ms="10278" status="PASS">
          <reporter-output>
          </reporter-output>
        </test-method> <!-- travelInsuranceselectStudentTest -->
        <test-method signature="travelInsuranceSelectTravellerTest()[pri:6, instance:testCases.TC001_TRAVELINSURANCE@942a29c]" started-at="2024-03-15T11:15:58 IST" name="travelInsuranceSelectTravellerTest" finished-at="2024-03-15T11:16:04 IST" duration-ms="6493" status="PASS">
          <reporter-output>
          </reporter-output>
        </test-method> <!-- travelInsuranceSelectTravellerTest -->
        <test-method signature="travelInsuranceLowToHighTest()[pri:7, instance:testCases.TC001_TRAVELINSURANCE@942a29c]" started-at="2024-03-15T11:16:05 IST" name="travelInsuranceLowToHighTest" finished-at="2024-03-15T11:16:15 IST" duration-ms="10220" status="PASS">
          <reporter-output>
          </reporter-output>
        </test-method> <!-- travelInsuranceLowToHighTest -->
        <test-method is-config="true" signature="tearDown()[pri:0, instance:testCases.TC001_TRAVELINSURANCE@942a29c]" started-at="2024-03-15T11:16:33 IST" name="tearDown" finished-at="2024-03-15T11:16:35 IST" duration-ms="1414" status="PASS">
          <reporter-output>
          </reporter-output>
        </test-method> <!-- tearDown -->
      </class> <!-- testCases.TC001_TRAVELINSURANCE -->
      <class name="testCases.TC003_HEALTHINSURANCE">
        <test-method signature="moveTohealthInsurance()[pri:0, instance:testCases.TC003_HEALTHINSURANCE@5d534f5d]" started-at="2024-03-15T11:16:30 IST" name="moveTohealthInsurance" finished-at="2024-03-15T11:16:30 IST" duration-ms="198" status="PASS">
          <reporter-output>
          </reporter-output>
        </test-method> <!-- moveTohealthInsurance -->
        <test-method signature="healthInsuranceTest()[pri:1, instance:testCases.TC003_HEALTHINSURANCE@5d534f5d]" started-at="2024-03-15T11:16:30 IST" name="healthInsuranceTest" finished-at="2024-03-15T11:16:33 IST" duration-ms="2711" status="PASS">
          <reporter-output>
          </reporter-output>
        </test-method> <!-- healthInsuranceTest -->
      </class> <!-- testCases.TC003_HEALTHINSURANCE -->
      <class name="testCases.TC002_CARINSURANCE">
        <test-method signature="carInsuranceClickTest()[pri:0, instance:testCases.TC002_CARINSURANCE@576d5deb]" started-at="2024-03-15T11:16:15 IST" name="carInsuranceClickTest" finished-at="2024-03-15T11:16:20 IST" duration-ms="4971" status="PASS">
          <reporter-output>
          </reporter-output>
        </test-method> <!-- carInsuranceClickTest -->
        <test-method signature="carInsuranceCarNumTest()[pri:1, instance:testCases.TC002_CARINSURANCE@576d5deb]" started-at="2024-03-15T11:16:21 IST" name="carInsuranceCarNumTest" finished-at="2024-03-15T11:16:22 IST" depends-on-methods="testCases.TC002_CARINSURANCE.carInsuranceClickTest" duration-ms="856" status="PASS">
          <reporter-output>
          </reporter-output>
        </test-method> <!-- carInsuranceCarNumTest -->
        <test-method signature="carInsuranceCarNumValueTest()[pri:2, instance:testCases.TC002_CARINSURANCE@576d5deb]" started-at="2024-03-15T11:16:23 IST" name="carInsuranceCarNumValueTest" finished-at="2024-03-15T11:16:23 IST" duration-ms="719" status="PASS">
          <reporter-output>
          </reporter-output>
        </test-method> <!-- carInsuranceCarNumValueTest -->
        <test-method signature="carInsuranceformFillTest()[pri:3, instance:testCases.TC002_CARINSURANCE@576d5deb]" started-at="2024-03-15T11:16:24 IST" name="carInsuranceformFillTest" finished-at="2024-03-15T11:16:27 IST" duration-ms="3106" status="PASS">
          <reporter-output>
          </reporter-output>
        </test-method> <!-- carInsuranceformFillTest -->
        <test-method signature="clickPolicybazaar()[pri:4, instance:testCases.TC002_CARINSURANCE@576d5deb]" started-at="2024-03-15T11:16:27 IST" name="clickPolicybazaar" finished-at="2024-03-15T11:16:29 IST" duration-ms="1579" status="PASS">
          <reporter-output>
          </reporter-output>
        </test-method> <!-- clickPolicybazaar -->
      </class> <!-- testCases.TC002_CARINSURANCE -->
    </test> <!-- ChromeTest -->
  </suite> <!-- Suite -->
</testng-results>
